<?xml version="1.0" encoding="UTF-8"?>
<!-- Generated by org.testng.reporters.JUnitReportReporter -->
<testsuite hostname="LAPTOP-QKU0VLSS" failures="0" tests="1" name="UnitTest.SubmitNewReviewAllYes" time="72.598" errors="0" timestamp="2021-03-31T13:56:57 CST" skipped="0">
  <testcase classname="UnitTest.SubmitNewReviewAllYes" name="TestSubmitNewReview" time="72.598"/>
  <system-out/>
</testsuite> <!-- UnitTest.SubmitNewReviewAllYes -->
