<?xml version="1.0" encoding="UTF-8"?>
<!-- Generated by org.testng.reporters.JUnitReportReporter -->
<testsuite hostname="LAPTOP-QKU0VLSS" failures="0" tests="1" name="UnitTest.SubmitNewReviewAllNo" time="105.591" errors="0" timestamp="2021-04-23T15:36:58 CST" skipped="0">
  <testcase classname="UnitTest.SubmitNewReviewAllNo" name="TestSubmitNewReviewAllNo" time="105.591"/>
  <system-out/>
</testsuite> <!-- UnitTest.SubmitNewReviewAllNo -->
