<?xml version="1.0" encoding="UTF-8"?>
<!-- Generated by org.testng.reporters.JUnitReportReporter -->
<testsuite hostname="LAPTOP-QKU0VLSS" failures="0" tests="1" name="UnitTest.AddDelegate" time="65.917" errors="0" timestamp="2021-07-07T19:20:31 CST" skipped="0">
  <testcase classname="UnitTest.AddDelegate" name="TestAddDelegate" time="65.917"/>
  <system-out/>
</testsuite> <!-- UnitTest.AddDelegate -->
