<?xml version="1.0" encoding="UTF-8"?>
<!-- Generated by org.testng.reporters.JUnitReportReporter -->
<testsuite hostname="LAPTOP-QKU0VLSS" failures="0" tests="1" name="UnitTest.test" time="14.600" errors="0" timestamp="2021-05-19T16:11:44 CST" skipped="0">
  <testcase classname="UnitTest.test" name="TestOR" time="14.600"/>
  <system-out/>
</testsuite> <!-- UnitTest.test -->
