<?xml version="1.0" encoding="UTF-8"?>
<!-- Generated by org.testng.reporters.JUnitReportReporter -->
<testsuite hostname="LAPTOP-QKU0VLSS" failures="0" tests="1" name="UnitTest.SubmitNewReviewAllYes" time="76.564" errors="0" timestamp="2021-03-30T16:45:39 CST" skipped="0">
  <testcase classname="UnitTest.SubmitNewReviewAllYes" name="TestSubmitNewReview" time="76.564"/>
  <system-out/>
</testsuite> <!-- UnitTest.SubmitNewReviewAllYes -->
