<?xml version="1.0" encoding="UTF-8"?>
<!-- Generated by org.testng.reporters.JUnitReportReporter -->
<testsuite hostname="LAPTOP-QKU0VLSS" failures="0" tests="1" name="UnitTest.AddDelegate" time="55.555" errors="0" timestamp="2021-03-30T16:45:39 CST" skipped="0">
  <testcase classname="UnitTest.AddDelegate" name="TestSubmitNewReview" time="55.555"/>
  <system-out/>
</testsuite> <!-- UnitTest.AddDelegate -->
