<?xml version="1.0" encoding="UTF-8"?>
<!-- Generated by org.testng.reporters.JUnitReportReporter -->
<testsuite hostname="LAPTOP-QKU0VLSS" failures="0" tests="1" name="UnitTest.TestEmail" time="15.167" errors="0" timestamp="2021-07-12T23:04:48 CST" skipped="0">
  <testcase classname="UnitTest.TestEmail" name="TestOutlookEmail" time="15.167"/>
  <system-out/>
</testsuite> <!-- UnitTest.TestEmail -->
