<?xml version="1.0" encoding="UTF-8"?>
<!-- Generated by org.testng.reporters.JUnitReportReporter -->
<testsuite hostname="LAPTOP-QKU0VLSS" failures="0" tests="1" name="UnitTest.TestEmail" time="26.246" errors="0" timestamp="2021-04-22T15:51:08 CST" skipped="0">
  <testcase classname="UnitTest.TestEmail" name="TestOutlookEmail" time="26.246"/>
  <system-out/>
</testsuite> <!-- UnitTest.TestEmail -->
