<?xml version="1.0" encoding="UTF-8"?>
<!-- Generated by org.testng.reporters.JUnitReportReporter -->
<testsuite hostname="LAPTOP-QKU0VLSS" failures="0" tests="1" name="UnitTest.SubmitNewReviewAllYes" time="149.980" errors="0" timestamp="2021-07-08T17:00:50 CST" skipped="0">
  <testcase classname="UnitTest.SubmitNewReviewAllYes" name="TestSubmitNewReviewAllYes" time="149.980"/>
  <system-out/>
</testsuite> <!-- UnitTest.SubmitNewReviewAllYes -->
