<?xml version="1.0" encoding="UTF-8"?>
<!-- Generated by org.testng.reporters.JUnitReportReporter -->
<testsuite hostname="LAPTOP-QKU0VLSS" failures="0" tests="1" name="UnitTest.AddDelegate" time="62.542" errors="0" timestamp="2021-03-31T07:43:55 CST" skipped="0">
  <testcase classname="UnitTest.AddDelegate" name="TestAddDelegate" time="62.542"/>
  <system-out/>
</testsuite> <!-- UnitTest.AddDelegate -->
